<?xml version="1.0" encoding="UTF-8"?>
<testsuite xmlns:xsi="http://www.w3.org/2001/XMLSchema-instance" xsi:noNamespaceSchemaLocation="https://maven.apache.org/surefire/maven-surefire-plugin/xsd/surefire-test-report-3.0.xsd" version="3.0" name="com.icai.practicas.MainApplicationTests" time="0.596" tests="1" errors="0" skipped="0" failures="0">
  <properties>
    <property name="java.specification.version" value="17"/>
    <property name="sun.cpu.isalist" value="amd64"/>
    <property name="sun.jnu.encoding" value="Cp1252"/>
    <property name="java.class.path" value="C:\Users\ailwx\Desktop\SEGUNDO TRIMESTRE\PROGRAMACIÓN\Practica6\PAT-PRACTICA-6\target\test-classes;C:\Users\ailwx\Desktop\SEGUNDO TRIMESTRE\PROGRAMACIÓN\Practica6\PAT-PRACTICA-6\target\classes;C:\Users\ailwx\.m2\repository\org\springframework\boot\spring-boot-starter-web\2.6.4\spring-boot-starter-web-2.6.4.jar;C:\Users\ailwx\.m2\repository\org\springframework\boot\spring-boot-starter\2.6.4\spring-boot-starter-2.6.4.jar;C:\Users\ailwx\.m2\repository\org\springframework\boot\spring-boot-starter-logging\2.6.4\spring-boot-starter-logging-2.6.4.jar;C:\Users\ailwx\.m2\repository\ch\qos\logback\logback-classic\1.2.10\logback-classic-1.2.10.jar;C:\Users\ailwx\.m2\repository\ch\qos\logback\logback-core\1.2.10\logback-core-1.2.10.jar;C:\Users\ailwx\.m2\repository\org\apache\logging\log4j\log4j-to-slf4j\2.17.1\log4j-to-slf4j-2.17.1.jar;C:\Users\ailwx\.m2\repository\org\apache\logging\log4j\log4j-api\2.17.1\log4j-api-2.17.1.jar;C:\Users\ailwx\.m2\repository\org\slf4j\jul-to-slf4j\1.7.36\jul-to-slf4j-1.7.36.jar;C:\Users\ailwx\.m2\repository\jakarta\annotation\jakarta.annotation-api\1.3.5\jakarta.annotation-api-1.3.5.jar;C:\Users\ailwx\.m2\repository\org\yaml\snakeyaml\1.29\snakeyaml-1.29.jar;C:\Users\ailwx\.m2\repository\org\springframework\boot\spring-boot-starter-json\2.6.4\spring-boot-starter-json-2.6.4.jar;C:\Users\ailwx\.m2\repository\com\fasterxml\jackson\core\jackson-databind\2.13.1\jackson-databind-2.13.1.jar;C:\Users\ailwx\.m2\repository\com\fasterxml\jackson\core\jackson-annotations\2.13.1\jackson-annotations-2.13.1.jar;C:\Users\ailwx\.m2\repository\com\fasterxml\jackson\core\jackson-core\2.13.1\jackson-core-2.13.1.jar;C:\Users\ailwx\.m2\repository\com\fasterxml\jackson\datatype\jackson-datatype-jdk8\2.13.1\jackson-datatype-jdk8-2.13.1.jar;C:\Users\ailwx\.m2\repository\com\fasterxml\jackson\datatype\jackson-datatype-jsr310\2.13.1\jackson-datatype-jsr310-2.13.1.jar;C:\Users\ailwx\.m2\repository\com\fasterxml\jackson\module\jackson-module-parameter-names\2.13.1\jackson-module-parameter-names-2.13.1.jar;C:\Users\ailwx\.m2\repository\org\springframework\boot\spring-boot-starter-tomcat\2.6.4\spring-boot-starter-tomcat-2.6.4.jar;C:\Users\ailwx\.m2\repository\org\apache\tomcat\embed\tomcat-embed-core\9.0.58\tomcat-embed-core-9.0.58.jar;C:\Users\ailwx\.m2\repository\org\apache\tomcat\embed\tomcat-embed-websocket\9.0.58\tomcat-embed-websocket-9.0.58.jar;C:\Users\ailwx\.m2\repository\org\springframework\spring-web\5.3.16\spring-web-5.3.16.jar;C:\Users\ailwx\.m2\repository\org\springframework\spring-beans\5.3.16\spring-beans-5.3.16.jar;C:\Users\ailwx\.m2\repository\org\springframework\spring-webmvc\5.3.16\spring-webmvc-5.3.16.jar;C:\Users\ailwx\.m2\repository\org\springframework\spring-aop\5.3.16\spring-aop-5.3.16.jar;C:\Users\ailwx\.m2\repository\org\springframework\spring-context\5.3.16\spring-context-5.3.16.jar;C:\Users\ailwx\.m2\repository\org\springframework\spring-expression\5.3.16\spring-expression-5.3.16.jar;C:\Users\ailwx\.m2\repository\org\springframework\boot\spring-boot-starter-validation\2.6.4\spring-boot-starter-validation-2.6.4.jar;C:\Users\ailwx\.m2\repository\org\apache\tomcat\embed\tomcat-embed-el\9.0.58\tomcat-embed-el-9.0.58.jar;C:\Users\ailwx\.m2\repository\org\hibernate\validator\hibernate-validator\6.2.2.Final\hibernate-validator-6.2.2.Final.jar;C:\Users\ailwx\.m2\repository\jakarta\validation\jakarta.validation-api\2.0.2\jakarta.validation-api-2.0.2.jar;C:\Users\ailwx\.m2\repository\org\jboss\logging\jboss-logging\3.4.3.Final\jboss-logging-3.4.3.Final.jar;C:\Users\ailwx\.m2\repository\com\fasterxml\classmate\1.5.1\classmate-1.5.1.jar;C:\Users\ailwx\.m2\repository\org\springframework\boot\spring-boot-devtools\2.6.4\spring-boot-devtools-2.6.4.jar;C:\Users\ailwx\.m2\repository\org\springframework\boot\spring-boot\2.6.4\spring-boot-2.6.4.jar;C:\Users\ailwx\.m2\repository\org\springframework\boot\spring-boot-autoconfigure\2.6.4\spring-boot-autoconfigure-2.6.4.jar;C:\Users\ailwx\.m2\repository\org\springframework\boot\spring-boot-starter-test\2.6.4\spring-boot-starter-test-2.6.4.jar;C:\Users\ailwx\.m2\repository\org\springframework\boot\spring-boot-test\2.6.4\spring-boot-test-2.6.4.jar;C:\Users\ailwx\.m2\repository\org\springframework\boot\spring-boot-test-autoconfigure\2.6.4\spring-boot-test-autoconfigure-2.6.4.jar;C:\Users\ailwx\.m2\repository\com\jayway\jsonpath\json-path\2.6.0\json-path-2.6.0.jar;C:\Users\ailwx\.m2\repository\net\minidev\json-smart\2.4.8\json-smart-2.4.8.jar;C:\Users\ailwx\.m2\repository\net\minidev\accessors-smart\2.4.8\accessors-smart-2.4.8.jar;C:\Users\ailwx\.m2\repository\org\ow2\asm\asm\9.1\asm-9.1.jar;C:\Users\ailwx\.m2\repository\org\slf4j\slf4j-api\1.7.36\slf4j-api-1.7.36.jar;C:\Users\ailwx\.m2\repository\jakarta\xml\bind\jakarta.xml.bind-api\2.3.3\jakarta.xml.bind-api-2.3.3.jar;C:\Users\ailwx\.m2\repository\jakarta\activation\jakarta.activation-api\1.2.2\jakarta.activation-api-1.2.2.jar;C:\Users\ailwx\.m2\repository\org\assertj\assertj-core\3.21.0\assertj-core-3.21.0.jar;C:\Users\ailwx\.m2\repository\org\hamcrest\hamcrest\2.2\hamcrest-2.2.jar;C:\Users\ailwx\.m2\repository\org\junit\jupiter\junit-jupiter\5.8.2\junit-jupiter-5.8.2.jar;C:\Users\ailwx\.m2\repository\org\junit\jupiter\junit-jupiter-api\5.8.2\junit-jupiter-api-5.8.2.jar;C:\Users\ailwx\.m2\repository\org\opentest4j\opentest4j\1.2.0\opentest4j-1.2.0.jar;C:\Users\ailwx\.m2\repository\org\junit\platform\junit-platform-commons\1.8.2\junit-platform-commons-1.8.2.jar;C:\Users\ailwx\.m2\repository\org\apiguardian\apiguardian-api\1.1.2\apiguardian-api-1.1.2.jar;C:\Users\ailwx\.m2\repository\org\junit\jupiter\junit-jupiter-params\5.8.2\junit-jupiter-params-5.8.2.jar;C:\Users\ailwx\.m2\repository\org\junit\jupiter\junit-jupiter-engine\5.8.2\junit-jupiter-engine-5.8.2.jar;C:\Users\ailwx\.m2\repository\org\junit\platform\junit-platform-engine\1.8.2\junit-platform-engine-1.8.2.jar;C:\Users\ailwx\.m2\repository\org\mockito\mockito-core\4.0.0\mockito-core-4.0.0.jar;C:\Users\ailwx\.m2\repository\net\bytebuddy\byte-buddy\1.11.22\byte-buddy-1.11.22.jar;C:\Users\ailwx\.m2\repository\net\bytebuddy\byte-buddy-agent\1.11.22\byte-buddy-agent-1.11.22.jar;C:\Users\ailwx\.m2\repository\org\objenesis\objenesis\3.2\objenesis-3.2.jar;C:\Users\ailwx\.m2\repository\org\mockito\mockito-junit-jupiter\4.0.0\mockito-junit-jupiter-4.0.0.jar;C:\Users\ailwx\.m2\repository\org\skyscreamer\jsonassert\1.5.0\jsonassert-1.5.0.jar;C:\Users\ailwx\.m2\repository\com\vaadin\external\google\android-json\0.0.20131108.vaadin1\android-json-0.0.20131108.vaadin1.jar;C:\Users\ailwx\.m2\repository\org\springframework\spring-core\5.3.16\spring-core-5.3.16.jar;C:\Users\ailwx\.m2\repository\org\springframework\spring-jcl\5.3.16\spring-jcl-5.3.16.jar;C:\Users\ailwx\.m2\repository\org\springframework\spring-test\5.3.16\spring-test-5.3.16.jar;C:\Users\ailwx\.m2\repository\org\xmlunit\xmlunit-core\2.8.4\xmlunit-core-2.8.4.jar;"/>
    <property name="java.vm.vendor" value="Oracle Corporation"/>
    <property name="sun.arch.data.model" value="64"/>
    <property name="user.variant" value=""/>
    <property name="catalina.useNaming" value="false"/>
    <property name="java.vendor.url" value="https://java.oracle.com/"/>
    <property name="user.timezone" value="Europe/Madrid"/>
    <property name="os.name" value="Windows 10"/>
    <property name="java.vm.specification.version" value="17"/>
    <property name="sun.java.launcher" value="SUN_STANDARD"/>
    <property name="user.country" value="ES"/>
    <property name="sun.boot.library.path" value="C:\Users\ailwx\.jdks\openjdk-17\bin"/>
    <property name="sun.java.command" value="C:\Users\ailwx\AppData\Local\Temp\surefire1344003867452325812\surefirebooter4744492456998770181.jar C:\Users\ailwx\AppData\Local\Temp\surefire1344003867452325812 2022-04-02T12-25-21_069-jvmRun1 surefire13765284860430434179tmp surefire_08839058027918333957tmp"/>
    <property name="jdk.debug" value="release"/>
    <property name="surefire.test.class.path" value="C:\Users\ailwx\Desktop\SEGUNDO TRIMESTRE\PROGRAMACIÓN\Practica6\PAT-PRACTICA-6\target\test-classes;C:\Users\ailwx\Desktop\SEGUNDO TRIMESTRE\PROGRAMACIÓN\Practica6\PAT-PRACTICA-6\target\classes;C:\Users\ailwx\.m2\repository\org\springframework\boot\spring-boot-starter-web\2.6.4\spring-boot-starter-web-2.6.4.jar;C:\Users\ailwx\.m2\repository\org\springframework\boot\spring-boot-starter\2.6.4\spring-boot-starter-2.6.4.jar;C:\Users\ailwx\.m2\repository\org\springframework\boot\spring-boot-starter-logging\2.6.4\spring-boot-starter-logging-2.6.4.jar;C:\Users\ailwx\.m2\repository\ch\qos\logback\logback-classic\1.2.10\logback-classic-1.2.10.jar;C:\Users\ailwx\.m2\repository\ch\qos\logback\logback-core\1.2.10\logback-core-1.2.10.jar;C:\Users\ailwx\.m2\repository\org\apache\logging\log4j\log4j-to-slf4j\2.17.1\log4j-to-slf4j-2.17.1.jar;C:\Users\ailwx\.m2\repository\org\apache\logging\log4j\log4j-api\2.17.1\log4j-api-2.17.1.jar;C:\Users\ailwx\.m2\repository\org\slf4j\jul-to-slf4j\1.7.36\jul-to-slf4j-1.7.36.jar;C:\Users\ailwx\.m2\repository\jakarta\annotation\jakarta.annotation-api\1.3.5\jakarta.annotation-api-1.3.5.jar;C:\Users\ailwx\.m2\repository\org\yaml\snakeyaml\1.29\snakeyaml-1.29.jar;C:\Users\ailwx\.m2\repository\org\springframework\boot\spring-boot-starter-json\2.6.4\spring-boot-starter-json-2.6.4.jar;C:\Users\ailwx\.m2\repository\com\fasterxml\jackson\core\jackson-databind\2.13.1\jackson-databind-2.13.1.jar;C:\Users\ailwx\.m2\repository\com\fasterxml\jackson\core\jackson-annotations\2.13.1\jackson-annotations-2.13.1.jar;C:\Users\ailwx\.m2\repository\com\fasterxml\jackson\core\jackson-core\2.13.1\jackson-core-2.13.1.jar;C:\Users\ailwx\.m2\repository\com\fasterxml\jackson\datatype\jackson-datatype-jdk8\2.13.1\jackson-datatype-jdk8-2.13.1.jar;C:\Users\ailwx\.m2\repository\com\fasterxml\jackson\datatype\jackson-datatype-jsr310\2.13.1\jackson-datatype-jsr310-2.13.1.jar;C:\Users\ailwx\.m2\repository\com\fasterxml\jackson\module\jackson-module-parameter-names\2.13.1\jackson-module-parameter-names-2.13.1.jar;C:\Users\ailwx\.m2\repository\org\springframework\boot\spring-boot-starter-tomcat\2.6.4\spring-boot-starter-tomcat-2.6.4.jar;C:\Users\ailwx\.m2\repository\org\apache\tomcat\embed\tomcat-embed-core\9.0.58\tomcat-embed-core-9.0.58.jar;C:\Users\ailwx\.m2\repository\org\apache\tomcat\embed\tomcat-embed-websocket\9.0.58\tomcat-embed-websocket-9.0.58.jar;C:\Users\ailwx\.m2\repository\org\springframework\spring-web\5.3.16\spring-web-5.3.16.jar;C:\Users\ailwx\.m2\repository\org\springframework\spring-beans\5.3.16\spring-beans-5.3.16.jar;C:\Users\ailwx\.m2\repository\org\springframework\spring-webmvc\5.3.16\spring-webmvc-5.3.16.jar;C:\Users\ailwx\.m2\repository\org\springframework\spring-aop\5.3.16\spring-aop-5.3.16.jar;C:\Users\ailwx\.m2\repository\org\springframework\spring-context\5.3.16\spring-context-5.3.16.jar;C:\Users\ailwx\.m2\repository\org\springframework\spring-expression\5.3.16\spring-expression-5.3.16.jar;C:\Users\ailwx\.m2\repository\org\springframework\boot\spring-boot-starter-validation\2.6.4\spring-boot-starter-validation-2.6.4.jar;C:\Users\ailwx\.m2\repository\org\apache\tomcat\embed\tomcat-embed-el\9.0.58\tomcat-embed-el-9.0.58.jar;C:\Users\ailwx\.m2\repository\org\hibernate\validator\hibernate-validator\6.2.2.Final\hibernate-validator-6.2.2.Final.jar;C:\Users\ailwx\.m2\repository\jakarta\validation\jakarta.validation-api\2.0.2\jakarta.validation-api-2.0.2.jar;C:\Users\ailwx\.m2\repository\org\jboss\logging\jboss-logging\3.4.3.Final\jboss-logging-3.4.3.Final.jar;C:\Users\ailwx\.m2\repository\com\fasterxml\classmate\1.5.1\classmate-1.5.1.jar;C:\Users\ailwx\.m2\repository\org\springframework\boot\spring-boot-devtools\2.6.4\spring-boot-devtools-2.6.4.jar;C:\Users\ailwx\.m2\repository\org\springframework\boot\spring-boot\2.6.4\spring-boot-2.6.4.jar;C:\Users\ailwx\.m2\repository\org\springframework\boot\spring-boot-autoconfigure\2.6.4\spring-boot-autoconfigure-2.6.4.jar;C:\Users\ailwx\.m2\repository\org\springframework\boot\spring-boot-starter-test\2.6.4\spring-boot-starter-test-2.6.4.jar;C:\Users\ailwx\.m2\repository\org\springframework\boot\spring-boot-test\2.6.4\spring-boot-test-2.6.4.jar;C:\Users\ailwx\.m2\repository\org\springframework\boot\spring-boot-test-autoconfigure\2.6.4\spring-boot-test-autoconfigure-2.6.4.jar;C:\Users\ailwx\.m2\repository\com\jayway\jsonpath\json-path\2.6.0\json-path-2.6.0.jar;C:\Users\ailwx\.m2\repository\net\minidev\json-smart\2.4.8\json-smart-2.4.8.jar;C:\Users\ailwx\.m2\repository\net\minidev\accessors-smart\2.4.8\accessors-smart-2.4.8.jar;C:\Users\ailwx\.m2\repository\org\ow2\asm\asm\9.1\asm-9.1.jar;C:\Users\ailwx\.m2\repository\org\slf4j\slf4j-api\1.7.36\slf4j-api-1.7.36.jar;C:\Users\ailwx\.m2\repository\jakarta\xml\bind\jakarta.xml.bind-api\2.3.3\jakarta.xml.bind-api-2.3.3.jar;C:\Users\ailwx\.m2\repository\jakarta\activation\jakarta.activation-api\1.2.2\jakarta.activation-api-1.2.2.jar;C:\Users\ailwx\.m2\repository\org\assertj\assertj-core\3.21.0\assertj-core-3.21.0.jar;C:\Users\ailwx\.m2\repository\org\hamcrest\hamcrest\2.2\hamcrest-2.2.jar;C:\Users\ailwx\.m2\repository\org\junit\jupiter\junit-jupiter\5.8.2\junit-jupiter-5.8.2.jar;C:\Users\ailwx\.m2\repository\org\junit\jupiter\junit-jupiter-api\5.8.2\junit-jupiter-api-5.8.2.jar;C:\Users\ailwx\.m2\repository\org\opentest4j\opentest4j\1.2.0\opentest4j-1.2.0.jar;C:\Users\ailwx\.m2\repository\org\junit\platform\junit-platform-commons\1.8.2\junit-platform-commons-1.8.2.jar;C:\Users\ailwx\.m2\repository\org\apiguardian\apiguardian-api\1.1.2\apiguardian-api-1.1.2.jar;C:\Users\ailwx\.m2\repository\org\junit\jupiter\junit-jupiter-params\5.8.2\junit-jupiter-params-5.8.2.jar;C:\Users\ailwx\.m2\repository\org\junit\jupiter\junit-jupiter-engine\5.8.2\junit-jupiter-engine-5.8.2.jar;C:\Users\ailwx\.m2\repository\org\junit\platform\junit-platform-engine\1.8.2\junit-platform-engine-1.8.2.jar;C:\Users\ailwx\.m2\repository\org\mockito\mockito-core\4.0.0\mockito-core-4.0.0.jar;C:\Users\ailwx\.m2\repository\net\bytebuddy\byte-buddy\1.11.22\byte-buddy-1.11.22.jar;C:\Users\ailwx\.m2\repository\net\bytebuddy\byte-buddy-agent\1.11.22\byte-buddy-agent-1.11.22.jar;C:\Users\ailwx\.m2\repository\org\objenesis\objenesis\3.2\objenesis-3.2.jar;C:\Users\ailwx\.m2\repository\org\mockito\mockito-junit-jupiter\4.0.0\mockito-junit-jupiter-4.0.0.jar;C:\Users\ailwx\.m2\repository\org\skyscreamer\jsonassert\1.5.0\jsonassert-1.5.0.jar;C:\Users\ailwx\.m2\repository\com\vaadin\external\google\android-json\0.0.20131108.vaadin1\android-json-0.0.20131108.vaadin1.jar;C:\Users\ailwx\.m2\repository\org\springframework\spring-core\5.3.16\spring-core-5.3.16.jar;C:\Users\ailwx\.m2\repository\org\springframework\spring-jcl\5.3.16\spring-jcl-5.3.16.jar;C:\Users\ailwx\.m2\repository\org\springframework\spring-test\5.3.16\spring-test-5.3.16.jar;C:\Users\ailwx\.m2\repository\org\xmlunit\xmlunit-core\2.8.4\xmlunit-core-2.8.4.jar;"/>
    <property name="sun.cpu.endian" value="little"/>
    <property name="user.home" value="C:\Users\ailwx"/>
    <property name="user.language" value="es"/>
    <property name="java.specification.vendor" value="Oracle Corporation"/>
    <property name="java.version.date" value="2021-09-14"/>
    <property name="java.home" value="C:\Users\ailwx\.jdks\openjdk-17"/>
    <property name="file.separator" value="\"/>
    <property name="basedir" value="C:\Users\ailwx\Desktop\SEGUNDO TRIMESTRE\PROGRAMACIÓN\Practica6\PAT-PRACTICA-6"/>
    <property name="java.vm.compressedOopsMode" value="Zero based"/>
    <property name="line.separator" value="&#10;"/>
    <property name="java.vm.specification.vendor" value="Oracle Corporation"/>
    <property name="java.specification.name" value="Java Platform API Specification"/>
    <property name="FILE_LOG_CHARSET" value="windows-1252"/>
    <property name="java.awt.headless" value="true"/>
    <property name="surefire.real.class.path" value="C:\Users\ailwx\AppData\Local\Temp\surefire1344003867452325812\surefirebooter4744492456998770181.jar"/>
    <property name="user.script" value=""/>
    <property name="sun.management.compiler" value="HotSpot 64-Bit Tiered Compilers"/>
    <property name="java.runtime.version" value="17+35-2724"/>
    <property name="user.name" value="ailwx"/>
    <property name="path.separator" value=";"/>
    <property name="os.version" value="10.0"/>
    <property name="java.runtime.name" value="OpenJDK Runtime Environment"/>
    <property name="file.encoding" value="Cp1252"/>
    <property name="spring.beaninfo.ignore" value="true"/>
    <property name="java.vm.name" value="OpenJDK 64-Bit Server VM"/>
    <property name="localRepository" value="C:\Users\ailwx\.m2\repository"/>
    <property name="java.vendor.url.bug" value="https://bugreport.java.com/bugreport/"/>
    <property name="java.io.tmpdir" value="C:\Users\ailwx\AppData\Local\Temp\"/>
    <property name="catalina.home" value="C:\Users\ailwx\AppData\Local\Temp\tomcat.0.11494329480984836220"/>
    <property name="java.version" value="17"/>
    <property name="user.dir" value="C:\Users\ailwx\Desktop\SEGUNDO TRIMESTRE\PROGRAMACIÓN\Practica6\PAT-PRACTICA-6"/>
    <property name="os.arch" value="amd64"/>
    <property name="java.vm.specification.name" value="Java Virtual Machine Specification"/>
    <property name="PID" value="22184"/>
    <property name="sun.os.patch.level" value=""/>
    <property name="CONSOLE_LOG_CHARSET" value="windows-1252"/>
    <property name="catalina.base" value="C:\Users\ailwx\AppData\Local\Temp\tomcat.0.11494329480984836220"/>
    <property name="native.encoding" value="Cp1252"/>
    <property name="java.library.path" value="C:\Users\ailwx\.jdks\openjdk-17\bin;C:\WINDOWS\Sun\Java\bin;C:\WINDOWS\system32;C:\WINDOWS;C:\Users\ailwx\.jdks\openjdk-17\bin;C:\apache-maven-3.8.4\bin;C:\Program Files (x86)\Common Files\Oracle\Java\javapath;C:\WINDOWS\system32;C:\WINDOWS;C:\WINDOWS\System32\Wbem;C:\WINDOWS\System32\WindowsPowerShell\v1.0\;C:\WINDOWS\System32\OpenSSH\;C:\Program Files\MATLAB\R2021a\runtime\win64;C:\Program Files\MATLAB\R2021a\bin;C:\Program Files\NVIDIA Corporation\NVIDIA NvDLISR;C:\Program Files (x86)\NVIDIA Corporation\PhysX\Common;C:\Program Files\Git\cmd;C:\Program Files\nodejs\;C:\Users\ailwx\.jdks\openjdk-17\bin;C:\Users\ailwx\AppData\Local\Microsoft\WindowsApps;C:\Users\ailwx\AppData\Local\Programs\Microsoft VS Code\bin;C:\Program Files\JetBrains\IntelliJ IDEA Community Edition 2021.2.2\bin;;C:\Users\ailwx\AppData\Local\Programs\MiKTeX 2.9\miktex\bin\x64\;C:\Users\ailwx\AppData\Roaming\npm;;."/>
    <property name="java.vm.info" value="mixed mode, sharing"/>
    <property name="java.vendor" value="Oracle Corporation"/>
    <property name="java.vm.version" value="17+35-2724"/>
    <property name="sun.io.unicode.encoding" value="UnicodeLittle"/>
    <property name="java.class.version" value="61.0"/>
  </properties>
  <testcase name="contextLoads" classname="com.icai.practicas.MainApplicationTests" time="0.006">
    <system-out><![CDATA[2022-04-02 12:25:25.809  INFO 22184 --- [           main] .b.t.c.SpringBootTestContextBootstrapper : Neither @ContextConfiguration nor @ContextHierarchy found for test class [com.icai.practicas.MainApplicationTests], using SpringBootContextLoader
2022-04-02 12:25:25.809  INFO 22184 --- [           main] o.s.t.c.support.AbstractContextLoader    : Could not detect default resource locations for test class [com.icai.practicas.MainApplicationTests]: no resource found for suffixes {-context.xml, Context.groovy}.
2022-04-02 12:25:25.809  INFO 22184 --- [           main] t.c.s.AnnotationConfigContextLoaderUtils : Could not detect default configuration classes for test class [com.icai.practicas.MainApplicationTests]: MainApplicationTests does not declare any static, non-private, non-final, nested classes annotated with @Configuration.
2022-04-02 12:25:25.815  INFO 22184 --- [           main] .b.t.c.SpringBootTestContextBootstrapper : Found @SpringBootConfiguration com.icai.practicas.MainApplication for test class com.icai.practicas.MainApplicationTests
2022-04-02 12:25:25.817  INFO 22184 --- [           main] .b.t.c.SpringBootTestContextBootstrapper : Loaded default TestExecutionListener class names from location [META-INF/spring.factories]: [org.springframework.boot.test.mock.mockito.MockitoTestExecutionListener, org.springframework.boot.test.mock.mockito.ResetMocksTestExecutionListener, org.springframework.boot.test.autoconfigure.restdocs.RestDocsTestExecutionListener, org.springframework.boot.test.autoconfigure.web.client.MockRestServiceServerResetTestExecutionListener, org.springframework.boot.test.autoconfigure.web.servlet.MockMvcPrintOnlyOnFailureTestExecutionListener, org.springframework.boot.test.autoconfigure.web.servlet.WebDriverTestExecutionListener, org.springframework.boot.test.autoconfigure.webservices.client.MockWebServiceServerTestExecutionListener, org.springframework.test.context.web.ServletTestExecutionListener, org.springframework.test.context.support.DirtiesContextBeforeModesTestExecutionListener, org.springframework.test.context.event.ApplicationEventsTestExecutionListener, org.springframework.test.context.support.DependencyInjectionTestExecutionListener, org.springframework.test.context.support.DirtiesContextTestExecutionListener, org.springframework.test.context.transaction.TransactionalTestExecutionListener, org.springframework.test.context.jdbc.SqlScriptsTestExecutionListener, org.springframework.test.context.event.EventPublishingTestExecutionListener]
2022-04-02 12:25:25.818  INFO 22184 --- [           main] .b.t.c.SpringBootTestContextBootstrapper : Using TestExecutionListeners: [org.springframework.test.context.web.ServletTestExecutionListener@1109730f, org.springframework.test.context.support.DirtiesContextBeforeModesTestExecutionListener@1f42366, org.springframework.test.context.event.ApplicationEventsTestExecutionListener@46c662f2, org.springframework.boot.test.mock.mockito.MockitoTestExecutionListener@4afdfc0f, org.springframework.boot.test.autoconfigure.SpringBootDependencyInjectionTestExecutionListener@10b67f54, org.springframework.test.context.support.DirtiesContextTestExecutionListener@30798137, org.springframework.test.context.event.EventPublishingTestExecutionListener@455da438, org.springframework.boot.test.mock.mockito.ResetMocksTestExecutionListener@60652518, org.springframework.boot.test.autoconfigure.restdocs.RestDocsTestExecutionListener@438aaa9f, org.springframework.boot.test.autoconfigure.web.client.MockRestServiceServerResetTestExecutionListener@3f06ebe0, org.springframework.boot.test.autoconfigure.web.servlet.MockMvcPrintOnlyOnFailureTestExecutionListener@1752e45c, org.springframework.boot.test.autoconfigure.web.servlet.WebDriverTestExecutionListener@5ed65e4b, org.springframework.boot.test.autoconfigure.webservices.client.MockWebServiceServerTestExecutionListener@481ed95c]

  .   ____          _            __ _ _
 /\\ / ___'_ __ _ _(_)_ __  __ _ \ \ \ \
( ( )\___ | '_ | '_| | '_ \/ _` | \ \ \ \
 \\/  ___)| |_)| | | | | || (_| |  ) ) ) )
  '  |____| .__|_| |_|_| |_\__, | / / / /
 =========|_|==============|___/=/_/_/_/
 :: Spring Boot ::                (v2.6.4)

2022-04-02 12:25:25.875  INFO 22184 --- [           main] com.icai.practicas.MainApplicationTests  : Starting MainApplicationTests using Java 17 on DESKTOP-LO8GSBT with PID 22184 (started by ailwx in C:\Users\ailwx\Desktop\SEGUNDO TRIMESTRE\PROGRAMACIÓN\Practica6\PAT-PRACTICA-6)
2022-04-02 12:25:25.876 DEBUG 22184 --- [           main] com.icai.practicas.MainApplicationTests  : Running with Spring Boot v2.6.4, Spring v5.3.16
2022-04-02 12:25:25.876  INFO 22184 --- [           main] com.icai.practicas.MainApplicationTests  : No active profile set, falling back to 1 default profile: "default"
2022-04-02 12:25:26.269  INFO 22184 --- [           main] o.s.b.a.w.s.WelcomePageHandlerMapping    : Adding welcome page: class path resource [static/index.html]
2022-04-02 12:25:26.389  INFO 22184 --- [           main] com.icai.practicas.MainApplicationTests  : Started MainApplicationTests in 0.562 seconds (JVM running for 4.933)
]]></system-out>
  </testcase>
</testsuite>